Arguments: 
  /opt/homebrew/Cellar/node/19.2.0/bin/node /opt/homebrew/bin/yarn install

PATH: 
  /opt/homebrew/bin:/opt/homebrew/sbin:/usr/local/bin:/System/Cryptexes/App/usr/bin:/usr/bin:/bin:/usr/sbin:/sbin:/usr/bin/python3:/opt/homebrew/bin:/opt/homebrew/sbin

Yarn version: 
  1.22.19

Node version: 
  19.2.0

Platform: 
  darwin arm64

Trace: 
  SyntaxError: /Users/santhkumar/Desktop/GIT/electron-autoupdate/package.json: Expected double-quoted property name in JSON at position 201
      at JSON.parse (<anonymous>)
      at /opt/homebrew/lib/node_modules/yarn/lib/cli.js:1629:59
      at Generator.next (<anonymous>)
      at step (/opt/homebrew/lib/node_modules/yarn/lib/cli.js:310:30)
      at /opt/homebrew/lib/node_modules/yarn/lib/cli.js:321:13

npm manifest: 
  {
    "name": "electron-autoupdate",
    "version": "1.0.0",
    "description": "",
    "main": "main.js",
    "repository":{
    "type":"git",
    "url":"https://github.com/[YOUR USERNAME]/[YOUR REPO NAME].git",
    },
    "scripts": {
      "test": "echo \"Error: no test specified\" && exit 1",
      "start": "electron ."
    },
    "author": "",
    "license": "ISC",
    "dependencies": {
      "electron-updater": "^5.3.0"
    },
    "devDependencies": {
      "electron": "^22.0.0",
      "electron-builder": "^22.10.3"
    }
  }

yarn manifest: 
  No manifest

Lockfile: 
  No lockfile
